testegrafo.c
<<<<<<< HEAD
grafo.c
lista.c
Microsoft (R) Incremental Linker Version 10.00.40219.01
Copyright (C) Microsoft Corporation.  All rights reserved.

/OUT:..\Produto\TesteGrafo.exe 
/INCREMENTAL:NO 
/MACHINE:IX86 
testegrafo.obj grafo.obj lista.obj 
ArcaboucoTeste.lib 
=======
d:\projetos\puc\modular\projeto git\grafo\fontes\Grafo.h(102) : error C2061: syntax error : identifier 'GRA_CondRetNumArestasZero'
d:\projetos\puc\modular\projeto git\grafo\fontes\Grafo.h(133) : error C2061: syntax error : identifier 'GRA_CriarGrafo'
d:\projetos\puc\modular\projeto git\grafo\fontes\Grafo.h(133) : error C2059: syntax error : ';'
d:\projetos\puc\modular\projeto git\grafo\fontes\Grafo.h(133) : error C2059: syntax error : 'type'
d:\projetos\puc\modular\projeto git\grafo\fontes\Grafo.h(151) : error C2061: syntax error : identifier 'GRA_DestruirGrafo'
d:\projetos\puc\modular\projeto git\grafo\fontes\Grafo.h(151) : error C2059: syntax error : ';'
d:\projetos\puc\modular\projeto git\grafo\fontes\Grafo.h(151) : error C2059: syntax error : 'type'
d:\projetos\puc\modular\projeto git\grafo\fontes\Grafo.h(173) : error C2061: syntax error : identifier 'GRA_IrVertice'
d:\projetos\puc\modular\projeto git\grafo\fontes\Grafo.h(173) : error C2059: syntax error : ';'
d:\projetos\puc\modular\projeto git\grafo\fontes\Grafo.h(173) : error C2059: syntax error : 'type'
d:\projetos\puc\modular\projeto git\grafo\fontes\Grafo.h(193) : error C2061: syntax error : identifier 'GRA_ObterValor'
d:\projetos\puc\modular\projeto git\grafo\fontes\Grafo.h(193) : error C2059: syntax error : ';'
d:\projetos\puc\modular\projeto git\grafo\fontes\Grafo.h(193) : error C2059: syntax error : 'type'
d:\projetos\puc\modular\projeto git\grafo\fontes\Grafo.h(211) : error C2061: syntax error : identifier 'GRA_RetornaIdentificador'
d:\projetos\puc\modular\projeto git\grafo\fontes\Grafo.h(211) : error C2059: syntax error : ';'
d:\projetos\puc\modular\projeto git\grafo\fontes\Grafo.h(211) : error C2059: syntax error : 'type'
d:\projetos\puc\modular\projeto git\grafo\fontes\Grafo.h(233) : error C2061: syntax error : identifier 'GRA_InserirVertice'
d:\projetos\puc\modular\projeto git\grafo\fontes\Grafo.h(233) : error C2059: syntax error : ';'
d:\projetos\puc\modular\projeto git\grafo\fontes\Grafo.h(233) : error C2059: syntax error : 'type'
d:\projetos\puc\modular\projeto git\grafo\fontes\Grafo.h(254) : error C2061: syntax error : identifier 'GRA_ExcluirVertice'
d:\projetos\puc\modular\projeto git\grafo\fontes\Grafo.h(254) : error C2059: syntax error : ';'
d:\projetos\puc\modular\projeto git\grafo\fontes\Grafo.h(254) : error C2059: syntax error : 'type'
d:\projetos\puc\modular\projeto git\grafo\fontes\Grafo.h(279) : error C2061: syntax error : identifier 'GRA_CriarAresta'
d:\projetos\puc\modular\projeto git\grafo\fontes\Grafo.h(279) : error C2059: syntax error : ';'
d:\projetos\puc\modular\projeto git\grafo\fontes\Grafo.h(279) : error C2059: syntax error : 'type'
d:\projetos\puc\modular\projeto git\grafo\fontes\Grafo.h(304) : error C2061: syntax error : identifier 'GRA_ExisteAresta'
d:\projetos\puc\modular\projeto git\grafo\fontes\Grafo.h(304) : error C2059: syntax error : ';'
d:\projetos\puc\modular\projeto git\grafo\fontes\Grafo.h(304) : error C2059: syntax error : 'type'
d:\projetos\puc\modular\projeto git\grafo\fontes\Grafo.h(328) : error C2061: syntax error : identifier 'GRA_NumVertices'
d:\projetos\puc\modular\projeto git\grafo\fontes\Grafo.h(328) : error C2059: syntax error : ';'
d:\projetos\puc\modular\projeto git\grafo\fontes\Grafo.h(328) : error C2059: syntax error : 'type'
d:\projetos\puc\modular\projeto git\grafo\fontes\Grafo.h(352) : error C2061: syntax error : identifier 'GRA_NumArestas'
d:\projetos\puc\modular\projeto git\grafo\fontes\Grafo.h(352) : error C2059: syntax error : ';'
d:\projetos\puc\modular\projeto git\grafo\fontes\Grafo.h(352) : error C2059: syntax error : 'type'
d:\projetos\puc\modular\projeto git\grafo\fontes\Grafo.h(376) : error C2061: syntax error : identifier 'GRA_RetornaIndiceAresta'
d:\projetos\puc\modular\projeto git\grafo\fontes\Grafo.h(376) : error C2059: syntax error : ';'
d:\projetos\puc\modular\projeto git\grafo\fontes\Grafo.h(376) : error C2059: syntax error : 'type'
d:\projetos\puc\modular\projeto git\grafo\fontes\Grafo.h(400) : error C2061: syntax error : identifier 'GRA_ExcluirAresta'
d:\projetos\puc\modular\projeto git\grafo\fontes\Grafo.h(400) : error C2059: syntax error : ';'
d:\projetos\puc\modular\projeto git\grafo\fontes\Grafo.h(400) : error C2059: syntax error : 'type'
..\Fontes\testegrafo.c(73) : error C2061: syntax error : identifier 'vtGrafos'
..\Fontes\testegrafo.c(73) : error C2059: syntax error : ';'
..\Fontes\testegrafo.c(73) : error C2337: 'DIM_VT_Grafo' : attribute not found
..\Fontes\testegrafo.c(73) : error C2059: syntax error : ';'
..\Fontes\testegrafo.c(140) : error C2065: 'vtGrafos' : undeclared identifier
..\Fontes\testegrafo.c(140) : error C2109: subscript requires array or pointer type
..\Fontes\testegrafo.c(161) : warning C4013: 'GRA_CriarGrafo' undefined; assuming extern returning int
..\Fontes\testegrafo.c(161) : error C2065: 'vtGrafos' : undeclared identifier
..\Fontes\testegrafo.c(161) : error C2109: subscript requires array or pointer type
..\Fontes\testegrafo.c(183) : warning C4013: 'LIS_DestruirGrafo' undefined; assuming extern returning int
..\Fontes\testegrafo.c(183) : error C2065: 'vtGrafos' : undeclared identifier
..\Fontes\testegrafo.c(183) : error C2109: subscript requires array or pointer type
..\Fontes\testegrafo.c(184) : error C2065: 'debug' : undeclared identifier
..\Fontes\testegrafo.c(186) : error C2065: 'debug' : undeclared identifier
..\Fontes\testegrafo.c(187) : error C2065: 'debug' : undeclared identifier
..\Fontes\testegrafo.c(189) : error C2065: 'LIS_CondRetOK' : undeclared identifier
..\Fontes\testegrafo.c(190) : error C2065: 'vtGrafos' : undeclared identifier
..\Fontes\testegrafo.c(190) : error C2109: subscript requires array or pointer type
..\Fontes\testegrafo.c(222) : warning C4013: 'GRA_InserirVertice' undefined; assuming extern returning int
..\Fontes\testegrafo.c(222) : error C2065: 'vtGrafos' : undeclared identifier
..\Fontes\testegrafo.c(222) : error C2109: subscript requires array or pointer type
..\Fontes\testegrafo.c(250) : warning C4013: 'GRA_ExcluirVertice' undefined; assuming extern returning int
..\Fontes\testegrafo.c(250) : error C2065: 'vtGrafos' : undeclared identifier
..\Fontes\testegrafo.c(250) : error C2109: subscript requires array or pointer type
..\Fontes\testegrafo.c(272) : warning C4013: 'GRA_ExcluirAresta' undefined; assuming extern returning int
..\Fontes\testegrafo.c(272) : error C2065: 'vtGrafos' : undeclared identifier
..\Fontes\testegrafo.c(272) : error C2109: subscript requires array or pointer type
..\Fontes\testegrafo.c(293) : warning C4013: 'GRA_ExisteAresta' undefined; assuming extern returning int
..\Fontes\testegrafo.c(293) : error C2065: 'vtGrafos' : undeclared identifier
..\Fontes\testegrafo.c(293) : error C2109: subscript requires array or pointer type
..\Fontes\testegrafo.c(313) : warning C4013: 'GRA_ObterValor' undefined; assuming extern returning int
..\Fontes\testegrafo.c(313) : error C2065: 'vtGrafos' : undeclared identifier
..\Fontes\testegrafo.c(313) : error C2109: subscript requires array or pointer type
..\Fontes\testegrafo.c(322) : error C2065: 'GRA_CondRetGrafoVazia' : undeclared identifier
..\Fontes\testegrafo.c(357) : error C2065: 'GRA_tpCondRet' : undeclared identifier
..\Fontes\testegrafo.c(357) : error C2146: syntax error : missing ';' before identifier 'CondRet'
..\Fontes\testegrafo.c(367) : warning C4013: 'GRA_IrVertice' undefined; assuming extern returning int
..\Fontes\testegrafo.c(367) : error C2065: 'vtGrafos' : undeclared identifier
..\Fontes\testegrafo.c(367) : error C2109: subscript requires array or pointer type
..\Fontes\testegrafo.c(378) : error C2065: 'GRA_tpCondRet' : undeclared identifier
..\Fontes\testegrafo.c(378) : error C2146: syntax error : missing ';' before identifier 'debugGRA'
..\Fontes\testegrafo.c(378) : error C2065: 'debugGRA' : undeclared identifier
..\Fontes\testegrafo.c(379) : error C2143: syntax error : missing ';' before 'type'
..\Fontes\testegrafo.c(390) : error C2065: 'debugGRA' : undeclared identifier
..\Fontes\testegrafo.c(390) : warning C4013: 'GRA_NumVertices' undefined; assuming extern returning int
..\Fontes\testegrafo.c(390) : error C2065: 'vtGrafos' : undeclared identifier
..\Fontes\testegrafo.c(390) : error C2109: subscript requires array or pointer type
..\Fontes\testegrafo.c(390) : error C2065: 'numRet' : undeclared identifier
..\Fontes\testegrafo.c(391) : error C2065: 'debugGRA' : undeclared identifier
..\Fontes\testegrafo.c(399) : error C2065: 'numRet' : undeclared identifier
..\Fontes\testegrafo.c(408) : error C2065: 'GRA_tpCondRet' : undeclared identifier
..\Fontes\testegrafo.c(408) : error C2146: syntax error : missing ';' before identifier 'debugGRA'
..\Fontes\testegrafo.c(408) : error C2065: 'debugGRA' : undeclared identifier
..\Fontes\testegrafo.c(409) : error C2143: syntax error : missing ';' before 'type'
..\Fontes\testegrafo.c(420) : error C2065: 'debugGRA' : undeclared identifier
..\Fontes\testegrafo.c(420) : warning C4013: 'GRA_NumArestas' undefined; assuming extern returning int
..\Fontes\testegrafo.c(420) : error C2065: 'vtGrafos' : undeclared identifier
..\Fontes\testegrafo.c(420) : error C2109: subscript requires array or pointer type
..\Fontes\testegrafo.c(420) : error C2065: 'numRet' : undeclared identifier
..\Fontes\testegrafo.c(421) : error C2065: 'debugGRA' : undeclared identifier
..\Fontes\testegrafo.c(429) : error C2065: 'numRet' : undeclared identifier
..\Fontes\testegrafo.c(440) : error C2065: 'GRA_tpCondRet' : undeclared identifier
..\Fontes\testegrafo.c(440) : error C2146: syntax error : missing ';' before identifier 'debugGRA'
..\Fontes\testegrafo.c(440) : error C2065: 'debugGRA' : undeclared identifier
..\Fontes\testegrafo.c(456) : error C2065: 'debugGRA' : undeclared identifier
..\Fontes\testegrafo.c(456) : warning C4013: 'GRA_RetornaIndiceAresta' undefined; assuming extern returning int
..\Fontes\testegrafo.c(456) : error C2065: 'vtGrafos' : undeclared identifier
..\Fontes\testegrafo.c(456) : error C2109: subscript requires array or pointer type
..\Fontes\testegrafo.c(458) : error C2065: 'debugGRA' : undeclared identifier
..\Fontes\testegrafo.c(464) : error C2065: 'debugGRA' : undeclared identifier
..\Fontes\testegrafo.c(464) : error C2065: 'GRA_CondRetNumArestasZero' : undeclared identifier
..\Fontes\testegrafo.c(510) : error C2065: 'vtGrafos' : undeclared identifier
..\Fontes\testegrafo.c(510) : fatal error C1003: error count exceeds 100; stopping compilation
>>>>>>> o teste rodado com arquivo. err
